<?xml version="1.0" encoding="UTF-8"?>
<!-- Generated by org.testng.reporters.JUnitXMLReporter -->
<testsuite ignored="0" hostname="Sudhakar-PC" failures="0" tests="3" name="Test" time="164.645" errors="0" timestamp="27 Apr 2019 16:12:52 GMT">
  <testcase classname="Employee.AddEmpDataProvider4" name="AddEmployee_call_allmethods" time="54.654"/>
  <testcase classname="Employee.AddEmpDataProvider4" name="AddEmployee_call_allmethods" time="56.87"/>
  <testcase classname="Employee.AddEmpDataProvider4" name="AddEmployee_call_allmethods" time="52.121"/>
</testsuite> <!-- Test -->
