<?xml version="1.0" encoding="UTF-8"?>
<!-- Generated by org.testng.reporters.JUnitXMLReporter -->
<testsuite ignored="0" hostname="NANI" failures="1" tests="1" name="Test2" time="0.374" errors="0" timestamp="2022-06-21T14:06:13 IST">
  <testcase classname="Day_012_TestNG_Paraneters.TC02_Login_Static_Paarameters2" name="Login_Test" time="0.339">
    <failure type="java.lang.IllegalStateException" message="The driver executable does not exist: C:\Project_May12_2022\Project_May12_2022\OrangeHRM12\ C:\FireFoxDriver\geckodriver.exe ">
      <![CDATA[java.lang.IllegalStateException: The driver executable does not exist: C:\Project_May12_2022\Project_May12_2022\OrangeHRM12\ C:\FireFoxDriver\geckodriver.exe 
at com.google.common.base.Preconditions.checkState(Preconditions.java:585)
at org.openqa.selenium.remote.service.DriverService.checkExecutable(DriverService.java:146)
at org.openqa.selenium.remote.service.DriverService.findExecutable(DriverService.java:141)
at org.openqa.selenium.firefox.GeckoDriverService.access$100(GeckoDriverService.java:44)
at org.openqa.selenium.firefox.GeckoDriverService$Builder.findDefaultExecutable(GeckoDriverService.java:167)
at org.openqa.selenium.remote.service.DriverService$Builder.build(DriverService.java:355)
at org.openqa.selenium.firefox.FirefoxDriver.toExecutor(FirefoxDriver.java:190)
at org.openqa.selenium.firefox.FirefoxDriver.<init>(FirefoxDriver.java:147)
at org.openqa.selenium.firefox.FirefoxDriver.<init>(FirefoxDriver.java:125)
at CommonUtil.TestBrowser.OpenFirefoxBrowser(TestBrowser.java:120)
at Day_012_TestNG_Paraneters.TC02_Login_Static_Paarameters2.Login_Test(TC02_Login_Static_Paarameters2.java:44)
at java.base/java.util.ArrayList.forEach(ArrayList.java:1511)
... Removed 27 stack frames]]>
    </failure>
  </testcase> <!-- Login_Test -->
</testsuite> <!-- Test2 -->
