<?xml version="1.0" encoding="UTF-8"?>
<!-- Generated by org.testng.reporters.JUnitXMLReporter -->
<testsuite ignored="2" hostname="DESKTOP-VL2N6EH" failures="0" tests="1" name="test2" time="15.23" errors="0" timestamp="2020-02-10T21:22:03 IST">
  <testcase classname="Day_032_TestNG_Groups.AllTests" name="OrangeHRM" time="15.178"/>
  <testcase classname="Day_032_TestNG_Groups.AllTests" name="Google" time="0.0">
    <ignored/>
  </testcase> <!-- Google -->
  <testcase classname="Day_032_TestNG_Groups.AllTests" name="Mercury" time="0.0">
    <ignored/>
  </testcase> <!-- Mercury -->
</testsuite> <!-- test2 -->
