<?xml version="1.0" encoding="UTF-8"?>
<testng-results ignored="0" total="1" passed="1" failed="0" skipped="0">
  <reporter-output>
  </reporter-output>
  <suite started-at="2022-06-21T21:09:32 IST" name="Default suite" finished-at="2022-06-21T21:10:05 IST" duration-ms="32749">
    <groups>
    </groups>
    <test started-at="2022-06-21T21:09:32 IST" name="Default test" finished-at="2022-06-21T21:10:05 IST" duration-ms="32749">
      <class name="Day_024_Advanced_Xpaths.TC003_OR_AND">
        <test-method signature="Test1()[pri:0, instance:Day_024_Advanced_Xpaths.TC003_OR_AND@c88a337]" started-at="2022-06-21T21:09:32 IST" name="Test1" finished-at="2022-06-21T21:10:05 IST" duration-ms="32645" status="PASS">
          <reporter-output>
          </reporter-output>
        </test-method> <!-- Test1 -->
      </class> <!-- Day_024_Advanced_Xpaths.TC003_OR_AND -->
    </test> <!-- Default test -->
  </suite> <!-- Default suite -->
</testng-results>
