<?xml version="1.0" encoding="UTF-8"?>
<testsuite xmlns:xsi="http://www.w3.org/2001/XMLSchema-instance" xsi:noNamespaceSchemaLocation="https://maven.apache.org/surefire/maven-surefire-plugin/xsd/surefire-test-report-3.0.xsd" version="3.0" name="TestSuite" time="15.289" tests="2" errors="0" skipped="0" failures="0">
  <properties>
[...]
</properties>
  <testcase name="Open_Mercury" classname="Day_015_ParallelTests.MercuryTest" time="11.67"/>
  <testcase name="Open_OrangeHRM" classname="Day_015_ParallelTests.OrangeHRMTest" time="13.124"/>
</testsuite>